# JRE version: OpenJDK Runtime Environment (17.0.1+12) (build 17.0.1+12-39)
# Java VM: OpenJDK 64-Bit Server VM (17.0.1+12-39, mixed mode, sharing, tiered, compressed oops, compressed class ptrs, g1 gc, windows-amd64)
GC Precious Log:
 CPUs: 4 total, 4 available
 Memory: 8070M
 Large Page Support: Disabled
 NUMA Support: Disabled
 Compressed Oops: Enabled (32-bit)
 Heap Region Size: 1M
 Heap Min Capacity: 8M
 Heap Initial Capacity: 128M
 Heap Max Capacity: 2018M
 Pre-touch: Disabled
 Parallel Workers: 4
 Concurrent Workers: 1
 Concurrent Refinement Workers: 4
 Periodic GC: Disabled
Heap:
 garbage-first heap   total 131072K, used 30180K [0x0000000081e00000, 0x0000000100000000)
  region size 1024K, 25 young (25600K), 5 survivors (5120K)
 Metaspace       used 21223K, committed 21504K, reserved 1073152K
  class space    used 2652K, committed 2816K, reserved 1048576K
GC Heap History (8 events):
Event: 2.648 GC heap before
{Heap before GC invocations=0 (full 0):
 garbage-first heap   total 131072K, used 14336K [0x0000000081e00000, 0x0000000100000000)
  region size 1024K, 13 young (13312K), 0 survivors (0K)
 Metaspace       used 2771K, committed 2944K, reserved 1056768K
  class space    used 252K, committed 320K, reserved 1048576K
}
Event: 2.682 GC heap after
{Heap after GC invocations=1 (full 0):
 garbage-first heap   total 131072K, used 6176K [0x0000000081e00000, 0x0000000100000000)
  region size 1024K, 2 young (2048K), 2 survivors (2048K)
 Metaspace       used 2771K, committed 2944K, reserved 1056768K
  class space    used 252K, committed 320K, reserved 1048576K
}
Event: 4.710 GC heap before
{Heap before GC invocations=1 (full 0):
 garbage-first heap   total 131072K, used 15392K [0x0000000081e00000, 0x0000000100000000)
  region size 1024K, 11 young (11264K), 2 survivors (2048K)
 Metaspace       used 5662K, committed 5824K, reserved 1056768K
  class space    used 645K, committed 768K, reserved 1048576K
}
Event: 4.725 GC heap after
{Heap after GC invocations=2 (full 0):
 garbage-first heap   total 131072K, used 7228K [0x0000000081e00000, 0x0000000100000000)
  region size 1024K, 1 young (1024K), 1 survivors (1024K)
 Metaspace       used 5662K, committed 5824K, reserved 1056768K
  class space    used 645K, committed 768K, reserved 1048576K
}
Event: 8.138 GC heap before
{Heap before GC invocations=2 (full 0):
 garbage-first heap   total 131072K, used 27708K [0x0000000081e00000, 0x0000000100000000)
  region size 1024K, 22 young (22528K), 1 survivors (1024K)
 Metaspace       used 11324K, committed 11456K, reserved 1064960K
  class space    used 1340K, committed 1408K, reserved 1048576K
}
Event: 8.159 GC heap after
{Heap after GC invocations=3 (full 0):
 garbage-first heap   total 131072K, used 8415K [0x0000000081e00000, 0x0000000100000000)
  region size 1024K, 3 young (3072K), 3 survivors (3072K)
 Metaspace       used 11324K, committed 11456K, reserved 1064960K
  class space    used 1340K, committed 1408K, reserved 1048576K
}
Event: 13.931 GC heap before
{Heap before GC invocations=3 (full 0):
 garbage-first heap   total 131072K, used 82143K [0x0000000081e00000, 0x0000000100000000)
  region size 1024K, 76 young (77824K), 3 survivors (3072K)
 Metaspace       used 17715K, committed 17984K, reserved 1064960K
  class space    used 2148K, committed 2240K, reserved 1048576K
}
Event: 13.961 GC heap after
{Heap after GC invocations=4 (full 0):
 garbage-first heap   total 131072K, used 10724K [0x0000000081e00000, 0x0000000100000000)
  region size 1024K, 5 young (5120K), 5 survivors (5120K)
 Metaspace       used 17715K, committed 17984K, reserved 1064960K
  class space    used 2148K, committed 2240K, reserved 1048576K
}

