# JRE version: OpenJDK Runtime Environment (17.0.1+12) (build 17.0.1+12-39)
# Java VM: OpenJDK 64-Bit Server VM (17.0.1+12-39, mixed mode, sharing, tiered, compressed oops, compressed class ptrs, g1 gc, windows-amd64)
GC Precious Log:
 CPUs: 4 total, 4 available
 Memory: 8070M
 Large Page Support: Disabled
 NUMA Support: Disabled
 Compressed Oops: Enabled (32-bit)
 Heap Region Size: 1M
 Heap Min Capacity: 8M
 Heap Initial Capacity: 128M
 Heap Max Capacity: 2018M
 Pre-touch: Disabled
 Parallel Workers: 4
 Concurrent Workers: 1
 Concurrent Refinement Workers: 4
 Periodic GC: Disabled
Heap:
 garbage-first heap   total 68608K, used 49535K [0x0000000081e00000, 0x0000000100000000)
  region size 1024K, 37 young (37888K), 4 survivors (4096K)
 Metaspace       used 43116K, committed 43392K, reserved 1089536K
  class space    used 5670K, committed 5824K, reserved 1048576K
GC Heap History (20 events):
Event: 2.402 GC heap before
{Heap before GC invocations=0 (full 0):
 garbage-first heap   total 131072K, used 14336K [0x0000000081e00000, 0x0000000100000000)
  region size 1024K, 13 young (13312K), 0 survivors (0K)
 Metaspace       used 2711K, committed 2816K, reserved 1056768K
  class space    used 250K, committed 320K, reserved 1048576K
}
Event: 2.429 GC heap after
{Heap after GC invocations=1 (full 0):
 garbage-first heap   total 131072K, used 6272K [0x0000000081e00000, 0x0000000100000000)
  region size 1024K, 2 young (2048K), 2 survivors (2048K)
 Metaspace       used 2711K, committed 2816K, reserved 1056768K
  class space    used 250K, committed 320K, reserved 1048576K
}
Event: 4.099 GC heap before
{Heap before GC invocations=1 (full 0):
 garbage-first heap   total 131072K, used 14464K [0x0000000081e00000, 0x0000000100000000)
  region size 1024K, 10 young (10240K), 2 survivors (2048K)
 Metaspace       used 5379K, committed 5504K, reserved 1056768K
  class space    used 604K, committed 640K, reserved 1048576K
}
Event: 4.112 GC heap after
{Heap after GC invocations=2 (full 0):
 garbage-first heap   total 131072K, used 7171K [0x0000000081e00000, 0x0000000100000000)
  region size 1024K, 1 young (1024K), 1 survivors (1024K)
 Metaspace       used 5379K, committed 5504K, reserved 1056768K
  class space    used 604K, committed 640K, reserved 1048576K
}
Event: 6.818 GC heap before
{Heap before GC invocations=2 (full 0):
 garbage-first heap   total 131072K, used 27651K [0x0000000081e00000, 0x0000000100000000)
  region size 1024K, 22 young (22528K), 1 survivors (1024K)
 Metaspace       used 11083K, committed 11328K, reserved 1064960K
  class space    used 1327K, committed 1408K, reserved 1048576K
}
Event: 6.834 GC heap after
{Heap after GC invocations=3 (full 0):
 garbage-first heap   total 131072K, used 8388K [0x0000000081e00000, 0x0000000100000000)
  region size 1024K, 2 young (2048K), 2 survivors (2048K)
 Metaspace       used 11083K, committed 11328K, reserved 1064960K
  class space    used 1327K, committed 1408K, reserved 1048576K
}
Event: 11.714 GC heap before
{Heap before GC invocations=3 (full 0):
 garbage-first heap   total 131072K, used 83140K [0x0000000081e00000, 0x0000000100000000)
  region size 1024K, 76 young (77824K), 2 survivors (2048K)
 Metaspace       used 17705K, committed 17920K, reserved 1064960K
  class space    used 2148K, committed 2240K, reserved 1048576K
}
Event: 11.742 GC heap after
{Heap after GC invocations=4 (full 0):
 garbage-first heap   total 131072K, used 10777K [0x0000000081e00000, 0x0000000100000000)
  region size 1024K, 5 young (5120K), 5 survivors (5120K)
 Metaspace       used 17705K, committed 17920K, reserved 1064960K
  class space    used 2148K, committed 2240K, reserved 1048576K
}
Event: 15.366 GC heap before
{Heap before GC invocations=4 (full 0):
 garbage-first heap   total 131072K, used 30233K [0x0000000081e00000, 0x0000000100000000)
  region size 1024K, 25 young (25600K), 5 survivors (5120K)
 Metaspace       used 21226K, committed 21504K, reserved 1073152K
  class space    used 2652K, committed 2816K, reserved 1048576K
}
Event: 15.415 GC heap after
{Heap after GC invocations=5 (full 0):
 garbage-first heap   total 131072K, used 12499K [0x0000000081e00000, 0x0000000100000000)
  region size 1024K, 6 young (6144K), 6 survivors (6144K)
 Metaspace       used 21226K, committed 21504K, reserved 1073152K
  class space    used 2652K, committed 2816K, reserved 1048576K
}
Event: 18.486 GC heap before
{Heap before GC invocations=6 (full 0):
 garbage-first heap   total 48128K, used 34003K [0x0000000081e00000, 0x0000000100000000)
  region size 1024K, 28 young (28672K), 6 survivors (6144K)
 Metaspace       used 25308K, committed 25600K, reserved 1073152K
  class space    used 3171K, committed 3264K, reserved 1048576K
}
Event: 18.543 GC heap after
{Heap after GC invocations=7 (full 0):
 garbage-first heap   total 48128K, used 14506K [0x0000000081e00000, 0x0000000100000000)
  region size 1024K, 4 young (4096K), 4 survivors (4096K)
 Metaspace       used 25308K, committed 25600K, reserved 1073152K
  class space    used 3171K, committed 3264K, reserved 1048576K
}
Event: 18.569 GC heap before
{Heap before GC invocations=7 (full 0):
 garbage-first heap   total 48128K, used 32938K [0x0000000081e00000, 0x0000000100000000)
  region size 1024K, 23 young (23552K), 4 survivors (4096K)
 Metaspace       used 25308K, committed 25600K, reserved 1073152K
  class space    used 3171K, committed 3264K, reserved 1048576K
}
Event: 18.602 GC heap after
{Heap after GC invocations=8 (full 0):
 garbage-first heap   total 48128K, used 14416K [0x0000000081e00000, 0x0000000100000000)
  region size 1024K, 1 young (1024K), 1 survivors (1024K)
 Metaspace       used 25308K, committed 25600K, reserved 1073152K
  class space    used 3171K, committed 3264K, reserved 1048576K
}
Event: 19.440 GC heap before
{Heap before GC invocations=8 (full 0):
 garbage-first heap   total 48128K, used 33872K [0x0000000081e00000, 0x0000000100000000)
  region size 1024K, 21 young (21504K), 1 survivors (1024K)
 Metaspace       used 26143K, committed 26368K, reserved 1073152K
  class space    used 3282K, committed 3392K, reserved 1048576K
}
Event: 19.459 GC heap after
{Heap after GC invocations=9 (full 0):
 garbage-first heap   total 48128K, used 14907K [0x0000000081e00000, 0x0000000100000000)
  region size 1024K, 1 young (1024K), 1 survivors (1024K)
 Metaspace       used 26143K, committed 26368K, reserved 1073152K
  class space    used 3282K, committed 3392K, reserved 1048576K
}
Event: 22.463 GC heap before
{Heap before GC invocations=9 (full 0):
 garbage-first heap   total 48128K, used 35387K [0x0000000081e00000, 0x0000000100000000)
  region size 1024K, 21 young (21504K), 1 survivors (1024K)
 Metaspace       used 30828K, committed 31168K, reserved 1081344K
  class space    used 3995K, committed 4160K, reserved 1048576K
}
Event: 22.478 GC heap after
{Heap after GC invocations=10 (full 0):
 garbage-first heap   total 105472K, used 15932K [0x0000000081e00000, 0x0000000100000000)
  region size 1024K, 2 young (2048K), 2 survivors (2048K)
 Metaspace       used 30828K, committed 31168K, reserved 1081344K
  class space    used 3995K, committed 4160K, reserved 1048576K
}
Event: 24.461 GC heap before
{Heap before GC invocations=10 (full 0):
 garbage-first heap   total 105472K, used 29244K [0x0000000081e00000, 0x0000000100000000)
  region size 1024K, 16 young (16384K), 2 survivors (2048K)
 Metaspace       used 35683K, committed 35968K, reserved 1081344K
  class space    used 4652K, committed 4800K, reserved 1048576K
}
Event: 24.480 GC heap after
{Heap after GC invocations=11 (full 0):
 garbage-first heap   total 105472K, used 17791K [0x0000000081e00000, 0x0000000100000000)
  region size 1024K, 4 young (4096K), 4 survivors (4096K)
 Metaspace       used 35683K, committed 35968K, reserved 1081344K
  class space    used 4652K, committed 4800K, reserved 1048576K
}

