# JRE version: OpenJDK Runtime Environment (17.0.1+12) (build 17.0.1+12-39)
# Java VM: OpenJDK 64-Bit Server VM (17.0.1+12-39, mixed mode, sharing, tiered, compressed oops, compressed class ptrs, g1 gc, windows-amd64)
GC Precious Log:
 CPUs: 4 total, 4 available
 Memory: 8070M
 Large Page Support: Disabled
 NUMA Support: Disabled
 Compressed Oops: Enabled (32-bit)
 Heap Region Size: 1M
 Heap Min Capacity: 8M
 Heap Initial Capacity: 128M
 Heap Max Capacity: 2018M
 Pre-touch: Disabled
 Parallel Workers: 4
 Concurrent Workers: 1
 Concurrent Refinement Workers: 4
 Periodic GC: Disabled
Heap:
 garbage-first heap   total 48128K, used 34871K [0x0000000081e00000, 0x0000000100000000)
  region size 1024K, 18 young (18432K), 1 survivors (1024K)
 Metaspace       used 44588K, committed 44864K, reserved 1089536K
  class space    used 5867K, committed 6016K, reserved 1048576K
GC Heap History (20 events):
Event: 7.560 GC heap before
{Heap before GC invocations=2 (full 0):
 garbage-first heap   total 131072K, used 26553K [0x0000000081e00000, 0x0000000100000000)
  region size 1024K, 21 young (21504K), 1 survivors (1024K)
 Metaspace       used 11034K, committed 11264K, reserved 1064960K
  class space    used 1318K, committed 1408K, reserved 1048576K
}
Event: 7.572 GC heap after
{Heap after GC invocations=3 (full 0):
 garbage-first heap   total 131072K, used 8236K [0x0000000081e00000, 0x0000000100000000)
  region size 1024K, 3 young (3072K), 3 survivors (3072K)
 Metaspace       used 11034K, committed 11264K, reserved 1064960K
  class space    used 1318K, committed 1408K, reserved 1048576K
}
Event: 12.722 GC heap before
{Heap before GC invocations=3 (full 0):
 garbage-first heap   total 131072K, used 81964K [0x0000000081e00000, 0x0000000100000000)
  region size 1024K, 76 young (77824K), 3 survivors (3072K)
 Metaspace       used 17473K, committed 17728K, reserved 1064960K
  class space    used 2112K, committed 2240K, reserved 1048576K
}
Event: 12.751 GC heap after
{Heap after GC invocations=4 (full 0):
 garbage-first heap   total 131072K, used 10351K [0x0000000081e00000, 0x0000000100000000)
  region size 1024K, 5 young (5120K), 5 survivors (5120K)
 Metaspace       used 17473K, committed 17728K, reserved 1064960K
  class space    used 2112K, committed 2240K, reserved 1048576K
}
Event: 16.767 GC heap before
{Heap before GC invocations=4 (full 0):
 garbage-first heap   total 131072K, used 32879K [0x0000000081e00000, 0x0000000100000000)
  region size 1024K, 28 young (28672K), 5 survivors (5120K)
 Metaspace       used 21242K, committed 21504K, reserved 1073152K
  class space    used 2654K, committed 2816K, reserved 1048576K
}
Event: 16.806 GC heap after
{Heap after GC invocations=5 (full 0):
 garbage-first heap   total 131072K, used 12517K [0x0000000081e00000, 0x0000000100000000)
  region size 1024K, 7 young (7168K), 7 survivors (7168K)
 Metaspace       used 21242K, committed 21504K, reserved 1073152K
  class space    used 2654K, committed 2816K, reserved 1048576K
}
Event: 19.854 GC heap before
{Heap before GC invocations=6 (full 0):
 garbage-first heap   total 48128K, used 36069K [0x0000000081e00000, 0x0000000100000000)
  region size 1024K, 32 young (32768K), 7 survivors (7168K)
 Metaspace       used 25316K, committed 25600K, reserved 1073152K
  class space    used 3171K, committed 3264K, reserved 1048576K
}
Event: 19.924 GC heap after
{Heap after GC invocations=7 (full 0):
 garbage-first heap   total 48128K, used 14107K [0x0000000081e00000, 0x0000000100000000)
  region size 1024K, 7 young (7168K), 7 survivors (7168K)
 Metaspace       used 25316K, committed 25600K, reserved 1073152K
  class space    used 3171K, committed 3264K, reserved 1048576K
}
Event: 19.941 GC heap before
{Heap before GC invocations=7 (full 0):
 garbage-first heap   total 48128K, used 33563K [0x0000000081e00000, 0x0000000100000000)
  region size 1024K, 27 young (27648K), 7 survivors (7168K)
 Metaspace       used 25316K, committed 25600K, reserved 1073152K
  class space    used 3171K, committed 3264K, reserved 1048576K
}
Event: 19.984 GC heap after
{Heap after GC invocations=8 (full 0):
 garbage-first heap   total 48128K, used 14481K [0x0000000081e00000, 0x0000000100000000)
  region size 1024K, 3 young (3072K), 3 survivors (3072K)
 Metaspace       used 25316K, committed 25600K, reserved 1073152K
  class space    used 3171K, committed 3264K, reserved 1048576K
}
Event: 22.048 GC heap before
{Heap before GC invocations=8 (full 0):
 garbage-first heap   total 48128K, used 34961K [0x0000000081e00000, 0x0000000100000000)
  region size 1024K, 24 young (24576K), 3 survivors (3072K)
 Metaspace       used 26857K, committed 27136K, reserved 1073152K
  class space    used 3377K, committed 3520K, reserved 1048576K
}
Event: 22.065 GC heap after
{Heap after GC invocations=9 (full 0):
 garbage-first heap   total 48128K, used 14996K [0x0000000081e00000, 0x0000000100000000)
  region size 1024K, 1 young (1024K), 1 survivors (1024K)
 Metaspace       used 26857K, committed 27136K, reserved 1073152K
  class space    used 3377K, committed 3520K, reserved 1048576K
}
Event: 28.724 GC heap before
{Heap before GC invocations=9 (full 0):
 garbage-first heap   total 48128K, used 36500K [0x0000000081e00000, 0x0000000100000000)
  region size 1024K, 22 young (22528K), 1 survivors (1024K)
 Metaspace       used 32718K, committed 33024K, reserved 1081344K
  class space    used 4325K, committed 4480K, reserved 1048576K
}
Event: 28.752 GC heap after
{Heap after GC invocations=10 (full 0):
 garbage-first heap   total 48128K, used 16173K [0x0000000081e00000, 0x0000000100000000)
  region size 1024K, 3 young (3072K), 3 survivors (3072K)
 Metaspace       used 32718K, committed 33024K, reserved 1081344K
  class space    used 4325K, committed 4480K, reserved 1048576K
}
Event: 30.407 GC heap before
{Heap before GC invocations=10 (full 0):
 garbage-first heap   total 48128K, used 23341K [0x0000000081e00000, 0x0000000100000000)
  region size 1024K, 11 young (11264K), 3 survivors (3072K)
 Metaspace       used 35685K, committed 35968K, reserved 1081344K
  class space    used 4652K, committed 4800K, reserved 1048576K
}
Event: 30.428 GC heap after
{Heap after GC invocations=11 (full 0):
 garbage-first heap   total 48128K, used 17556K [0x0000000081e00000, 0x0000000100000000)
  region size 1024K, 3 young (3072K), 3 survivors (3072K)
 Metaspace       used 35685K, committed 35968K, reserved 1081344K
  class space    used 4652K, committed 4800K, reserved 1048576K
}
Event: 33.589 GC heap before
{Heap before GC invocations=12 (full 0):
 garbage-first heap   total 48128K, used 37012K [0x0000000081e00000, 0x0000000100000000)
  region size 1024K, 22 young (22528K), 3 survivors (3072K)
 Metaspace       used 40457K, committed 40768K, reserved 1089536K
  class space    used 5321K, committed 5440K, reserved 1048576K
}
Event: 33.606 GC heap after
{Heap after GC invocations=13 (full 0):
 garbage-first heap   total 48128K, used 18539K [0x0000000081e00000, 0x0000000100000000)
  region size 1024K, 3 young (3072K), 3 survivors (3072K)
 Metaspace       used 40457K, committed 40768K, reserved 1089536K
  class space    used 5321K, committed 5440K, reserved 1048576K
}
Event: 33.696 GC heap before
{Heap before GC invocations=13 (full 0):
 garbage-first heap   total 48128K, used 19563K [0x0000000081e00000, 0x0000000100000000)
  region size 1024K, 4 young (4096K), 3 survivors (3072K)
 Metaspace       used 40498K, committed 40768K, reserved 1089536K
  class space    used 5322K, committed 5440K, reserved 1048576K
}
Event: 33.712 GC heap after
{Heap after GC invocations=14 (full 0):
 garbage-first heap   total 48128K, used 18487K [0x0000000081e00000, 0x0000000100000000)
  region size 1024K, 1 young (1024K), 1 survivors (1024K)
 Metaspace       used 40498K, committed 40768K, reserved 1089536K
  class space    used 5322K, committed 5440K, reserved 1048576K
}

